<?xml version="1.0" encoding="UTF-8"?>
<!-- Generated by org.testng.reporters.JUnitXMLReporter -->
<testsuite hostname="DESKTOP-AFGF4K6" ignored="0" name="Test" tests="2" failures="0" timestamp="15 Apr 2020 05:03:34 GMT" time="83.442" errors="0">
  <testcase name="testMethodsOne" time="41.037" classname="com.training.sanity.tests.TC62MultipleRegistration"/>
  <testcase name="testMethodsTwo" time="83.398" classname="com.training.sanity.tests.TC62MultipleRegistration"/>
</testsuite> <!-- Test -->
