<?xml version="1.0" encoding="UTF-8"?>
<testng-results skipped="0" failed="0" ignored="0" total="1" passed="1">
  <reporter-output>
  </reporter-output>
  <suite name="Default suite" duration-ms="37489" started-at="2020-04-08T13:39:36Z" finished-at="2020-04-08T13:40:13Z">
    <groups>
    </groups>
    <test name="Default test" duration-ms="37489" started-at="2020-04-08T13:39:36Z" finished-at="2020-04-08T13:40:13Z">
      <class name="com.training.sanity.tests.TC33CheckoutWithLogin">
        <test-method status="PASS" signature="setUpBeforeClass()[pri:0, instance:com.training.sanity.tests.TC33CheckoutWithLogin@8bd1b6a]" name="setUpBeforeClass" is-config="true" duration-ms="5" started-at="2020-04-08T19:09:36Z" finished-at="2020-04-08T19:09:36Z">
          <reporter-output>
          </reporter-output>
        </test-method> <!-- setUpBeforeClass -->
        <test-method status="PASS" signature="setUp()[pri:0, instance:com.training.sanity.tests.TC33CheckoutWithLogin@8bd1b6a]" name="setUp" is-config="true" duration-ms="14724" started-at="2020-04-08T19:09:36Z" finished-at="2020-04-08T19:09:51Z">
          <reporter-output>
          </reporter-output>
        </test-method> <!-- setUp -->
        <test-method status="PASS" signature="journeyToOrder()[pri:0, instance:com.training.sanity.tests.TC33CheckoutWithLogin@8bd1b6a]" name="journeyToOrder" duration-ms="21728" started-at="2020-04-08T19:09:51Z" finished-at="2020-04-08T19:10:12Z">
          <reporter-output>
          </reporter-output>
        </test-method> <!-- journeyToOrder -->
        <test-method status="PASS" signature="tearDown()[pri:0, instance:com.training.sanity.tests.TC33CheckoutWithLogin@8bd1b6a]" name="tearDown" is-config="true" duration-ms="1005" started-at="2020-04-08T19:10:12Z" finished-at="2020-04-08T19:10:13Z">
          <reporter-output>
          </reporter-output>
        </test-method> <!-- tearDown -->
      </class> <!-- com.training.sanity.tests.TC33CheckoutWithLogin -->
    </test> <!-- Default test -->
  </suite> <!-- Default suite -->
</testng-results>
